2023-05-02 15:17:14.144 INFO [main] [stepdefinations.StepDef.setup1(StepDef.java:107)] -  Browser Setup executed
2023-05-02 15:17:14.340 INFO [main] [stepdefinations.StepDef.user_launch_chrome_browser(StepDef.java:163)] - Chrome browser Launched
2023-05-02 15:17:29.468 INFO [main] [stepdefinations.StepDef.user_opens_url(StepDef.java:169)] - url opened
2023-05-02 15:17:30.033 INFO [main] [stepdefinations.StepDef.verify_that_home_page_is_visible_successfully(StepDef.java:193)] - Homepage page is visible successfully
2023-05-02 15:17:30.776 INFO [main] [stepdefinations.StepDef.verify_login_to_your_account_is_visible(StepDef.java:367)] - Login to your account is visible
2023-05-02 15:17:44.684 INFO [main] [stepdefinations.StepDef.setup1(StepDef.java:107)] -  Browser Setup executed
2023-05-02 15:17:44.697 INFO [main] [stepdefinations.StepDef.user_launch_chrome_browser(StepDef.java:163)] - Chrome browser Launched
2023-05-02 15:18:16.157 INFO [main] [stepdefinations.StepDef.user_opens_url(StepDef.java:169)] - url opened
2023-05-02 15:18:16.612 INFO [main] [stepdefinations.StepDef.verify_that_home_page_is_visible_successfully(StepDef.java:193)] - Homepage page is visible successfully
2023-05-02 15:18:18.334 INFO [main] [stepdefinations.StepDef.verify_login_to_your_account_is_visible(StepDef.java:367)] - Login to your account is visible
2023-05-02 15:18:32.968 INFO [main] [stepdefinations.StepDef.setup1(StepDef.java:107)] -  Browser Setup executed
2023-05-02 15:18:32.977 INFO [main] [stepdefinations.StepDef.user_launch_chrome_browser(StepDef.java:163)] - Chrome browser Launched
2023-05-02 15:18:40.021 INFO [main] [stepdefinations.StepDef.user_opens_url(StepDef.java:169)] - url opened
2023-05-02 15:18:40.675 INFO [main] [stepdefinations.StepDef.verify_that_home_page_is_visible_successfully(StepDef.java:193)] - Homepage page is visible successfully
2023-05-02 15:18:42.194 INFO [main] [stepdefinations.StepDef.verify_login_to_your_account_is_visible(StepDef.java:367)] - Login to your account is visible
2023-05-02 15:18:56.402 INFO [main] [stepdefinations.StepDef.setup1(StepDef.java:107)] -  Browser Setup executed
2023-05-02 15:18:56.409 INFO [main] [stepdefinations.StepDef.user_launch_chrome_browser(StepDef.java:163)] - Chrome browser Launched
2023-05-02 15:19:05.809 INFO [main] [stepdefinations.StepDef.user_opens_url(StepDef.java:169)] - url opened
2023-05-02 15:19:06.227 INFO [main] [stepdefinations.StepDef.verify_that_home_page_is_visible_successfully(StepDef.java:193)] - Homepage page is visible successfully
2023-05-02 15:19:07.867 INFO [main] [stepdefinations.StepDef.verify_login_to_your_account_is_visible(StepDef.java:367)] - Login to your account is visible
2023-05-02 15:19:17.333 INFO [main] [stepdefinations.StepDef.verify_that_logged_in_as_username_is_visible(StepDef.java:331)] - Logged in username is visible
2023-05-02 15:19:17.717 INFO [main] [stepdefinations.CloseStepDef.close_browser(CloseStepDef.java:11)] - Browser Quit
2023-05-02 15:19:20.217 INFO [main] [stepdefinations.StepDef.setup1(StepDef.java:107)] -  Browser Setup executed
2023-05-02 15:19:20.219 INFO [main] [stepdefinations.StepDef.user_launch_chrome_browser(StepDef.java:163)] - Chrome browser Launched
2023-05-02 15:19:28.726 INFO [main] [stepdefinations.StepDef.user_opens_url(StepDef.java:169)] - url opened
2023-05-02 15:19:29.538 INFO [main] [stepdefinations.StepDef.verify_that_home_page_is_visible_successfully(StepDef.java:193)] - Homepage page is visible successfully
2023-05-02 15:19:31.072 INFO [main] [stepdefinations.StepDef.verify_login_to_your_account_is_visible(StepDef.java:367)] - Login to your account is visible
2023-05-02 15:19:39.044 INFO [main] [stepdefinations.StepDef.verify_that_logged_in_as_username_is_visible(StepDef.java:331)] - Logged in username is visible
2023-05-02 15:19:39.297 INFO [main] [stepdefinations.CloseStepDef.close_browser(CloseStepDef.java:11)] - Browser Quit
2023-05-02 15:19:41.721 INFO [main] [stepdefinations.StepDef.setup1(StepDef.java:107)] -  Browser Setup executed
2023-05-02 15:19:41.724 INFO [main] [stepdefinations.StepDef.user_launch_chrome_browser(StepDef.java:163)] - Chrome browser Launched
2023-05-02 15:19:56.000 INFO [main] [stepdefinations.StepDef.user_opens_url(StepDef.java:169)] - url opened
2023-05-02 15:19:56.535 INFO [main] [stepdefinations.StepDef.verify_that_home_page_is_visible_successfully(StepDef.java:193)] - Homepage page is visible successfully
2023-05-02 15:19:58.180 INFO [main] [stepdefinations.StepDef.verify_login_to_your_account_is_visible(StepDef.java:367)] - Login to your account is visible
2023-05-02 15:20:05.159 INFO [main] [stepdefinations.StepDef.verify_that_logged_in_as_username_is_visible(StepDef.java:331)] - Logged in username is visible
2023-05-02 15:20:05.414 INFO [main] [stepdefinations.CloseStepDef.close_browser(CloseStepDef.java:11)] - Browser Quit
